[2012-07-21 17:23:40] request.ERROR: Symfony\Component\HttpKernel\Exception\NotFoundHttpException: No route found for "GET /fcp" (uncaught exception) at C:\wamp\www\PFE\vendor\symfony\src\Symfony\Bundle\FrameworkBundle\EventListener\RouterListener.php line 83 [] []
[2012-07-31 00:12:43] security.DEBUG: Read SecurityContext from the session [] []
[2012-07-31 00:12:43] security.DEBUG: Reloading user from user provider. [] []
[2012-07-31 00:12:43] security.DEBUG: Username "hamdi" was reloaded from user provider. [] []
[2012-07-31 00:12:43] request.ERROR: Symfony\Component\HttpKernel\Exception\NotFoundHttpException: No route found for "GET /" (uncaught exception) at C:\wamp\www\PFE\app\cache\prod\classes.php line 4584 [] []
[2012-07-31 00:12:43] security.DEBUG: Write SecurityContext in the session [] []
[2012-07-31 00:12:59] security.DEBUG: Read SecurityContext from the session [] []
[2012-07-31 00:12:59] security.DEBUG: Reloading user from user provider. [] []
[2012-07-31 00:12:59] security.DEBUG: Username "hamdi" was reloaded from user provider. [] []
[2012-07-31 00:12:59] request.ERROR: Symfony\Component\HttpKernel\Exception\NotFoundHttpException: No route found for "GET /" (uncaught exception) at C:\wamp\www\PFE\app\cache\prod\classes.php line 4584 [] []
[2012-07-31 00:12:59] security.DEBUG: Write SecurityContext in the session [] []
[2012-07-31 00:13:05] security.DEBUG: Read SecurityContext from the session [] []
[2012-07-31 00:13:05] security.DEBUG: Reloading user from user provider. [] []
[2012-07-31 00:13:05] security.DEBUG: Username "hamdi" was reloaded from user provider. [] []
[2012-07-31 00:13:05] request.ERROR: Symfony\Component\HttpKernel\Exception\NotFoundHttpException: No route found for "GET /" (uncaught exception) at C:\wamp\www\PFE\app\cache\prod\classes.php line 4584 [] []
[2012-07-31 00:13:05] security.DEBUG: Write SecurityContext in the session [] []
[2012-07-31 00:13:18] security.DEBUG: Read SecurityContext from the session [] []
[2012-07-31 00:13:18] security.DEBUG: Reloading user from user provider. [] []
[2012-07-31 00:13:18] security.DEBUG: Username "hamdi" was reloaded from user provider. [] []
[2012-07-31 00:13:18] request.ERROR: Symfony\Component\HttpKernel\Exception\NotFoundHttpException: No route found for "GET /" (uncaught exception) at C:\wamp\www\PFE\app\cache\prod\classes.php line 4584 [] []
[2012-07-31 00:13:18] security.DEBUG: Write SecurityContext in the session [] []
[2012-07-31 13:00:14] security.DEBUG: Read SecurityContext from the session [] []
[2012-07-31 13:00:14] security.DEBUG: Reloading user from user provider. [] []
[2012-07-31 13:00:14] security.DEBUG: Username "hamdi" was reloaded from user provider. [] []
[2012-07-31 13:00:14] request.ERROR: Symfony\Component\HttpKernel\Exception\NotFoundHttpException: No route found for "GET /" (uncaught exception) at C:\wamp\www\PFE\app\cache\prod\classes.php line 4584 [] []
[2012-07-31 13:00:14] security.DEBUG: Write SecurityContext in the session [] []
